==9724== drd, a thread error detector
==9724== Copyright (C) 2006-2020, and GNU GPL'd, by Bart Van Assche.
==9724== Using Valgrind-3.18.1-42b08ed5bd-20211015 and LibVEX; rerun with -h for copyright info
==9724== Command: ./philo 5 800 200 200
==9724== Parent PID: 8019
==9724== 
--9724-- 
--9724-- Valgrind options:
--9724--    --tool=drd
--9724--    -v
--9724--    --log-file=drd.log
--9724-- Contents of /proc/version:
--9724--   Linux version 5.19.0-41-generic (buildd@lcy02-amd64-045) (x86_64-linux-gnu-gcc (Ubuntu 11.3.0-1ubuntu1~22.04.1) 11.3.0, GNU ld (GNU Binutils for Ubuntu) 2.38) #42~22.04.1-Ubuntu SMP PREEMPT_DYNAMIC Tue Apr 18 17:40:00 UTC 2
--9724-- 
--9724-- Arch and hwcaps: AMD64, LittleEndian, amd64-cx16-lzcnt-rdtscp-sse3-ssse3-avx-avx2-bmi-f16c-rdrand
--9724-- Page sizes: currently 4096, max supported 4096
--9724-- Valgrind library directory: /usr/libexec/valgrind
--9724-- Reading syms from /home/richard/Desktop/Philosophers/philosophers/philo
--9724-- Reading syms from /usr/lib/x86_64-linux-gnu/ld-linux-x86-64.so.2
--9724--   Considering /usr/lib/debug/.build-id/61/ef896a699bb1c2e4e231642b2e1688b2f1a61e.debug ..
--9724--   .. build-id is valid
--9724-- Reading syms from /usr/libexec/valgrind/drd-amd64-linux
--9724--    object doesn't have a symbol table
--9724--    object doesn't have a dynamic symbol table
--9724-- Scheduler: using generic scheduler lock implementation.
--9724-- Reading suppressions file: /usr/libexec/valgrind/default.supp
==9724== embedded gdbserver: reading from /tmp/vgdb-pipe-from-vgdb-to-9724-by-richard-on-???
==9724== embedded gdbserver: writing to   /tmp/vgdb-pipe-to-vgdb-from-9724-by-richard-on-???
==9724== embedded gdbserver: shared mem   /tmp/vgdb-pipe-shared-mem-vgdb-9724-by-richard-on-???
==9724== 
==9724== TO CONTROL THIS PROCESS USING vgdb (which you probably
==9724== don't want to do, unless you know exactly what you're doing,
==9724== or are doing some strange experiment):
==9724==   /usr/bin/vgdb --pid=9724 ...command...
==9724== 
==9724== TO DEBUG THIS PROCESS USING GDB: start GDB like this
==9724==   /path/to/gdb ./philo
==9724== and then give GDB the following command
==9724==   target remote | /usr/bin/vgdb --pid=9724
==9724== --pid is optional if only one valgrind process is running
==9724== 
--9724-- Reading syms from /usr/libexec/valgrind/vgpreload_core-amd64-linux.so
--9724--    object doesn't have a symbol table
--9724-- Reading syms from /usr/libexec/valgrind/vgpreload_drd-amd64-linux.so
--9724--    object doesn't have a symbol table
--9724-- REDIR: 0x4027240 (ld-linux-x86-64.so.2:strcmp) redirected to 0x4871c20 (strcmp)
--9724-- REDIR: 0x402aa60 (ld-linux-x86-64.so.2:strlen) redirected to 0x4871120 (strlen)
--9724-- REDIR: 0x402afc0 (ld-linux-x86-64.so.2:mempcpy) redirected to 0x4874df0 (mempcpy)
--9724-- Reading syms from /usr/lib/x86_64-linux-gnu/libc.so.6
--9724--   Considering /usr/lib/debug/.build-id/69/389d485a9793dbe873f0ea2c93e02efaa9aa3d.debug ..
--9724--   .. build-id is valid
==9724== WARNING: new redirection conflicts with existing -- ignoring it
--9724--     old: 0x04923e50 (pthread_cond_broadca) W-> (0000.0) 0x04861db0 pthread_cond_broadcast@*
--9724--     new: 0x04923e50 (pthread_cond_broadca) W-> (0000.0) 0x04861ad0 pthread_cond_broadcast
==9724== WARNING: new redirection conflicts with existing -- ignoring it
--9724--     old: 0x04923ec0 (pthread_cond_destroy) W-> (0000.0) 0x0485ee10 pthread_cond_destroy@*
--9724--     new: 0x04923ec0 (pthread_cond_destroy) W-> (0000.0) 0x0485eb30 pthread_cond_destroy
==9724== WARNING: new redirection conflicts with existing -- ignoring it
--9724--     old: 0x04923ee0 (pthread_cond_init@GL) W-> (0000.0) 0x0485e530 pthread_cond_init@*
--9724--     new: 0x04923ee0 (pthread_cond_init@GL) W-> (0000.0) 0x0485e230 pthread_cond_init
==9724== WARNING: new redirection conflicts with existing -- ignoring it
--9724--     old: 0x04923f00 (pthread_cond_signal@) W-> (0000.0) 0x04861510 pthread_cond_signal@*
--9724--     new: 0x04923f00 (pthread_cond_signal@) W-> (0000.0) 0x04861230 pthread_cond_signal
==9724== WARNING: new redirection conflicts with existing -- ignoring it
--9724--     old: 0x04923f70 (pthread_cond_timedwa) W-> (0000.0) 0x048607f0 pthread_cond_timedwait@*
--9724--     new: 0x04923f70 (pthread_cond_timedwa) W-> (0000.0) 0x048602d0 pthread_cond_timedwait
==9724== WARNING: new redirection conflicts with existing -- ignoring it
--9724--     old: 0x04924000 (pthread_cond_wait@GL) W-> (0000.0) 0x0485f8d0 pthread_cond_wait@*
--9724--     new: 0x04924000 (pthread_cond_wait@GL) W-> (0000.0) 0x0485f3d0 pthread_cond_wait
==9724== WARNING: new redirection conflicts with existing -- ignoring it
--9724--     old: 0x049248c0 (pthread_barrier_dest) W-> (0000.0) 0x04865ad0 pthread_barrier_destroy@*
--9724--     new: 0x049248c0 (pthread_barrier_dest) W-> (0000.0) 0x048657f0 pthread_barrier_destroy
==9724== WARNING: new redirection conflicts with existing -- ignoring it
--9724--     old: 0x049248c0 (pthread_barrier_dest) W-> (0000.0) 0x04865ad0 pthread_barrier_destroy@*
--9724--     new: 0x049248c0 (pthread_barrier_dest) W-> (0000.0) 0x048657f0 pthread_barrier_destroy
==9724== WARNING: new redirection conflicts with existing -- ignoring it
--9724--     old: 0x04924940 (pthread_barrier_init) W-> (0000.0) 0x048651f0 pthread_barrier_init@*
--9724--     new: 0x04924940 (pthread_barrier_init) W-> (0000.0) 0x04864ef0 pthread_barrier_init
==9724== WARNING: new redirection conflicts with existing -- ignoring it
--9724--     old: 0x04924940 (pthread_barrier_init) W-> (0000.0) 0x048651f0 pthread_barrier_init@*
--9724--     new: 0x04924940 (pthread_barrier_init) W-> (0000.0) 0x04864ef0 pthread_barrier_init
==9724== WARNING: new redirection conflicts with existing -- ignoring it
--9724--     old: 0x04924990 (pthread_barrier_wait) W-> (0000.0) 0x04866390 pthread_barrier_wait@*
--9724--     new: 0x04924990 (pthread_barrier_wait) W-> (0000.0) 0x04866090 pthread_barrier_wait
==9724== WARNING: new redirection conflicts with existing -- ignoring it
--9724--     old: 0x04924990 (pthread_barrier_wait) W-> (0000.0) 0x04866390 pthread_barrier_wait@*
--9724--     new: 0x04924990 (pthread_barrier_wait) W-> (0000.0) 0x04866090 pthread_barrier_wait
==9724== WARNING: new redirection conflicts with existing -- ignoring it
--9724--     old: 0x04924c40 (pthread_cancel@@GLIB) W-> (0000.0) 0x04857250 pthread_cancel@*
--9724--     new: 0x04924c40 (pthread_cancel@@GLIB) W-> (0000.0) 0x04856f70 pthread_cancel
==9724== WARNING: new redirection conflicts with existing -- ignoring it
--9724--     old: 0x04924c40 (pthread_cancel@@GLIB) W-> (0000.0) 0x04857250 pthread_cancel@*
--9724--     new: 0x04924c40 (pthread_cancel@@GLIB) W-> (0000.0) 0x04856f70 pthread_cancel
==9724== WARNING: new redirection conflicts with existing -- ignoring it
--9724--     old: 0x04924e70 (pthread_cond_broadca) W-> (0000.0) 0x04861db0 pthread_cond_broadcast@*
--9724--     new: 0x04924e70 (pthread_cond_broadca) W-> (0000.0) 0x04861ad0 pthread_cond_broadcast
==9724== WARNING: new redirection conflicts with existing -- ignoring it
--9724--     old: 0x049251d0 (pthread_cond_destroy) W-> (0000.0) 0x0485ee10 pthread_cond_destroy@*
--9724--     new: 0x049251d0 (pthread_cond_destroy) W-> (0000.0) 0x0485eb30 pthread_cond_destroy
==9724== WARNING: new redirection conflicts with existing -- ignoring it
--9724--     old: 0x04925260 (pthread_cond_init@@G) W-> (0000.0) 0x0485e530 pthread_cond_init@*
--9724--     new: 0x04925260 (pthread_cond_init@@G) W-> (0000.0) 0x0485e230 pthread_cond_init
==9724== WARNING: new redirection conflicts with existing -- ignoring it
--9724--     old: 0x049252a0 (pthread_cond_signal@) W-> (0000.0) 0x04861510 pthread_cond_signal@*
--9724--     new: 0x049252a0 (pthread_cond_signal@) W-> (0000.0) 0x04861230 pthread_cond_signal
==9724== WARNING: new redirection conflicts with existing -- ignoring it
--9724--     old: 0x049258b0 (pthread_cond_wait@@G) W-> (0000.0) 0x0485f8d0 pthread_cond_wait@*
--9724--     new: 0x049258b0 (pthread_cond_wait@@G) W-> (0000.0) 0x0485f3d0 pthread_cond_wait
==9724== WARNING: new redirection conflicts with existing -- ignoring it
--9724--     old: 0x04925ce0 (pthread_cond_timedwa) W-> (0000.0) 0x048607f0 pthread_cond_timedwait@*
--9724--     new: 0x04925ce0 (pthread_cond_timedwa) W-> (0000.0) 0x048602d0 pthread_cond_timedwait
==9724== WARNING: new redirection conflicts with existing -- ignoring it
--9724--     old: 0x04926cc0 (pthread_create@@GLIB) W-> (0000.0) 0x04854af0 pthread_create@*
--9724--     new: 0x04926cc0 (pthread_create@@GLIB) W-> (0000.0) 0x04854390 pthread_create
==9724== WARNING: new redirection conflicts with existing -- ignoring it
--9724--     old: 0x04926cc0 (pthread_create@@GLIB) W-> (0000.0) 0x04854af0 pthread_create@*
--9724--     new: 0x04926cc0 (pthread_create@@GLIB) W-> (0000.0) 0x04854390 pthread_create
==9724== WARNING: new redirection conflicts with existing -- ignoring it
--9724--     old: 0x04927c90 (pthread_detach@@GLIB) W-> (0000.0) 0x04856bf0 pthread_detach@*
--9724--     new: 0x04927c90 (pthread_detach@@GLIB) W-> (0000.0) 0x04856a30 pthread_detach
==9724== WARNING: new redirection conflicts with existing -- ignoring it
--9724--     old: 0x04928530 (pthread_join@@GLIBC_) W-> (0000.0) 0x04855f30 pthread_join@*
--9724--     new: 0x04928530 (pthread_join@@GLIBC_) W-> (0000.0) 0x048559b0 pthread_join
==9724== WARNING: new redirection conflicts with existing -- ignoring it
--9724--     old: 0x04928530 (pthread_join@@GLIBC_) W-> (0000.0) 0x04855f30 pthread_join@*
--9724--     new: 0x04928530 (pthread_join@@GLIBC_) W-> (0000.0) 0x048559b0 pthread_join
==9724== WARNING: new redirection conflicts with existing -- ignoring it
--9724--     old: 0x049295f0 (pthread_mutex_destro) W-> (0000.0) 0x04859bd0 pthread_mutex_destroy@*
--9724--     new: 0x049295f0 (pthread_mutex_destro) W-> (0000.0) 0x048596d0 pthread_mutex_destroy
==9724== WARNING: new redirection conflicts with existing -- ignoring it
--9724--     old: 0x04929640 (pthread_mutex_init@@) W-> (0000.0) 0x04858f10 pthread_mutex_init@*
--9724--     new: 0x04929640 (pthread_mutex_init@@) W-> (0000.0) 0x04858b30 pthread_mutex_init
==9724== WARNING: new redirection conflicts with existing -- ignoring it
--9724--     old: 0x04929f70 (pthread_mutex_lock@@) W-> (0000.0) 0x0485aad0 pthread_mutex_lock@*
--9724--     new: 0x04929f70 (pthread_mutex_lock@@) W-> (0000.0) 0x0485a5d0 pthread_mutex_lock
==9724== WARNING: new redirection conflicts with existing -- ignoring it
--9724--     old: 0x0492aec0 (pthread_mutex_timedl) W-> (0000.0) 0x0485c8f0 pthread_mutex_timedlock@*
--9724--     new: 0x0492aec0 (pthread_mutex_timedl) W-> (0000.0) 0x0485c3d0 pthread_mutex_timedlock
==9724== WARNING: new redirection conflicts with existing -- ignoring it
--9724--     old: 0x0492aec0 (pthread_mutex_timedl) W-> (0000.0) 0x0485c8f0 pthread_mutex_timedlock@*
--9724--     new: 0x0492aec0 (pthread_mutex_timedl) W-> (0000.0) 0x0485c3d0 pthread_mutex_timedlock
==9724== WARNING: new redirection conflicts with existing -- ignoring it
--9724--     old: 0x0492aed0 (pthread_mutex_tryloc) W-> (0000.0) 0x0485b9d0 pthread_mutex_trylock@*
--9724--     new: 0x0492aed0 (pthread_mutex_tryloc) W-> (0000.0) 0x0485b4d0 pthread_mutex_trylock
==9724== WARNING: new redirection conflicts with existing -- ignoring it
--9724--     old: 0x0492aed0 (pthread_mutex_tryloc) W-> (0000.0) 0x0485b9d0 pthread_mutex_trylock@*
--9724--     new: 0x0492aed0 (pthread_mutex_tryloc) W-> (0000.0) 0x0485b4d0 pthread_mutex_trylock
==9724== WARNING: new redirection conflicts with existing -- ignoring it
--9724--     old: 0x0492baf0 (pthread_mutex_unlock) W-> (0000.0) 0x0485d830 pthread_mutex_unlock@*
--9724--     new: 0x0492baf0 (pthread_mutex_unlock) W-> (0000.0) 0x0485d330 pthread_mutex_unlock
==9724== WARNING: new redirection conflicts with existing -- ignoring it
--9724--     old: 0x0492c040 (pthread_once@@GLIBC_) W-> (0000.0) 0x04857e70 pthread_once@*
--9724--     new: 0x0492c040 (pthread_once@@GLIBC_) W-> (0000.0) 0x04857810 pthread_once
==9724== WARNING: new redirection conflicts with existing -- ignoring it
--9724--     old: 0x0492c040 (pthread_once@@GLIBC_) W-> (0000.0) 0x04857e70 pthread_once@*
--9724--     new: 0x0492c040 (pthread_once@@GLIBC_) W-> (0000.0) 0x04857810 pthread_once
==9724== WARNING: new redirection conflicts with existing -- ignoring it
--9724--     old: 0x0492c670 (pthread_rwlock_destr) W-> (0000.0) 0x0486bd10 pthread_rwlock_destroy@*
--9724--     new: 0x0492c670 (pthread_rwlock_destr) W-> (0000.0) 0x0486ba30 pthread_rwlock_destroy
==9724== WARNING: new redirection conflicts with existing -- ignoring it
--9724--     old: 0x0492c670 (pthread_rwlock_destr) W-> (0000.0) 0x0486bd10 pthread_rwlock_destroy@*
--9724--     new: 0x0492c670 (pthread_rwlock_destr) W-> (0000.0) 0x0486ba30 pthread_rwlock_destroy
==9724== WARNING: new redirection conflicts with existing -- ignoring it
--9724--     old: 0x0492c680 (pthread_rwlock_init@) W-> (0000.0) 0x0486b430 pthread_rwlock_init@*
--9724--     new: 0x0492c680 (pthread_rwlock_init@) W-> (0000.0) 0x0486b130 pthread_rwlock_init
==9724== WARNING: new redirection conflicts with existing -- ignoring it
--9724--     old: 0x0492c6c0 (pthread_rwlock_rdloc) W-> (0000.0) 0x0486c5b0 pthread_rwlock_rdlock@*
--9724--     new: 0x0492c6c0 (pthread_rwlock_rdloc) W-> (0000.0) 0x0486c2d0 pthread_rwlock_rdlock
==9724== WARNING: new redirection conflicts with existing -- ignoring it
--9724--     old: 0x0492c6c0 (pthread_rwlock_rdloc) W-> (0000.0) 0x0486c5b0 pthread_rwlock_rdlock@*
--9724--     new: 0x0492c6c0 (pthread_rwlock_rdloc) W-> (0000.0) 0x0486c2d0 pthread_rwlock_rdlock
==9724== WARNING: new redirection conflicts with existing -- ignoring it
--9724--     old: 0x0492c8b0 (pthread_rwlock_timed) W-> (0000.0) 0x0486d710 pthread_rwlock_timedrdlock@*
--9724--     new: 0x0492c8b0 (pthread_rwlock_timed) W-> (0000.0) 0x0486d410 pthread_rwlock_timedrdlock
==9724== WARNING: new redirection conflicts with existing -- ignoring it
--9724--     old: 0x0492c8b0 (pthread_rwlock_timed) W-> (0000.0) 0x0486d710 pthread_rwlock_timedrdlock@*
--9724--     new: 0x0492c8b0 (pthread_rwlock_timed) W-> (0000.0) 0x0486d410 pthread_rwlock_timedrdlock
==9724== WARNING: new redirection conflicts with existing -- ignoring it
--9724--     old: 0x0492cae0 (pthread_rwlock_timed) W-> (0000.0) 0x0486e010 pthread_rwlock_timedwrlock@*
--9724--     new: 0x0492cae0 (pthread_rwlock_timed) W-> (0000.0) 0x0486dd10 pthread_rwlock_timedwrlock
==9724== WARNING: new redirection conflicts with existing -- ignoring it
--9724--     old: 0x0492cae0 (pthread_rwlock_timed) W-> (0000.0) 0x0486e010 pthread_rwlock_timedwrlock@*
--9724--     new: 0x0492cae0 (pthread_rwlock_timed) W-> (0000.0) 0x0486dd10 pthread_rwlock_timedwrlock
==9724== WARNING: new redirection conflicts with existing -- ignoring it
--9724--     old: 0x0492cea0 (pthread_rwlock_tryrd) W-> (0000.0) 0x0486e8f0 pthread_rwlock_tryrdlock@*
--9724--     new: 0x0492cea0 (pthread_rwlock_tryrd) W-> (0000.0) 0x0486e610 pthread_rwlock_tryrdlock
==9724== WARNING: new redirection conflicts with existing -- ignoring it
--9724--     old: 0x0492cea0 (pthread_rwlock_tryrd) W-> (0000.0) 0x0486e8f0 pthread_rwlock_tryrdlock@*
--9724--     new: 0x0492cea0 (pthread_rwlock_tryrd) W-> (0000.0) 0x0486e610 pthread_rwlock_tryrdlock
==9724== WARNING: new redirection conflicts with existing -- ignoring it
--9724--     old: 0x0492cf50 (pthread_rwlock_trywr) W-> (0000.0) 0x0486f190 pthread_rwlock_trywrlock@*
--9724--     new: 0x0492cf50 (pthread_rwlock_trywr) W-> (0000.0) 0x0486eeb0 pthread_rwlock_trywrlock
==9724== WARNING: new redirection conflicts with existing -- ignoring it
--9724--     old: 0x0492cfd0 (pthread_rwlock_unloc) W-> (0000.0) 0x0486fa30 pthread_rwlock_unlock@*
--9724--     new: 0x0492cfd0 (pthread_rwlock_unloc) W-> (0000.0) 0x0486f750 pthread_rwlock_unlock
==9724== WARNING: new redirection conflicts with existing -- ignoring it
--9724--     old: 0x0492d1a0 (pthread_rwlock_wrloc) W-> (0000.0) 0x0486ce50 pthread_rwlock_wrlock@*
--9724--     new: 0x0492d1a0 (pthread_rwlock_wrloc) W-> (0000.0) 0x0486cb70 pthread_rwlock_wrlock
==9724== WARNING: new redirection conflicts with existing -- ignoring it
--9724--     old: 0x0492d1a0 (pthread_rwlock_wrloc) W-> (0000.0) 0x0486ce50 pthread_rwlock_wrlock@*
--9724--     new: 0x0492d1a0 (pthread_rwlock_wrloc) W-> (0000.0) 0x0486cb70 pthread_rwlock_wrlock
==9724== WARNING: new redirection conflicts with existing -- ignoring it
--9724--     old: 0x0492de20 (pthread_spin_destroy) W-> (0000.0) 0x04862f50 pthread_spin_destroy@*
--9724--     new: 0x0492de20 (pthread_spin_destroy) W-> (0000.0) 0x04862c70 pthread_spin_destroy
==9724== WARNING: new redirection conflicts with existing -- ignoring it
--9724--     old: 0x0492de20 (pthread_spin_destroy) W-> (0000.0) 0x04862f50 pthread_spin_destroy@*
--9724--     new: 0x0492de20 (pthread_spin_destroy) W-> (0000.0) 0x04862c70 pthread_spin_destroy
==9724== WARNING: new redirection conflicts with existing -- ignoring it
--9724--     old: 0x0492de30 (pthread_spin_lock@@G) W-> (0000.0) 0x048637f0 pthread_spin_lock@*
--9724--     new: 0x0492de30 (pthread_spin_lock@@G) W-> (0000.0) 0x04863510 pthread_spin_lock
==9724== WARNING: new redirection conflicts with existing -- ignoring it
--9724--     old: 0x0492de30 (pthread_spin_lock@@G) W-> (0000.0) 0x048637f0 pthread_spin_lock@*
--9724--     new: 0x0492de30 (pthread_spin_lock@@G) W-> (0000.0) 0x04863510 pthread_spin_lock
==9724== WARNING: new redirection conflicts with existing -- ignoring it
--9724--     old: 0x0492de50 (pthread_spin_trylock) W-> (0000.0) 0x04864090 pthread_spin_trylock@*
--9724--     new: 0x0492de50 (pthread_spin_trylock) W-> (0000.0) 0x04863db0 pthread_spin_trylock
==9724== WARNING: new redirection conflicts with existing -- ignoring it
--9724--     old: 0x0492de50 (pthread_spin_trylock) W-> (0000.0) 0x04864090 pthread_spin_trylock@*
--9724--     new: 0x0492de50 (pthread_spin_trylock) W-> (0000.0) 0x04863db0 pthread_spin_trylock
==9724== WARNING: new redirection conflicts with existing -- ignoring it
--9724--     old: 0x0492de70 (pthread_spin_init@@G) W-> (0000.0) 0x04862670 pthread_spin_init@*
--9724--     new: 0x0492de70 (pthread_spin_init@@G) W-> (0000.0) 0x04864650 pthread_spin_unlock
==9724== WARNING: new redirection conflicts with existing -- ignoring it
--9724--     old: 0x0492de70 (pthread_spin_init@@G) W-> (0000.0) 0x04862670 pthread_spin_init@*
--9724--     new: 0x0492de70 (pthread_spin_init@@G) W-> (0000.0) 0x04864930 pthread_spin_unlock@*
==9724== WARNING: new redirection conflicts with existing -- ignoring it
--9724--     old: 0x0492de70 (pthread_spin_init@@G) W-> (0000.0) 0x04862670 pthread_spin_init@*
--9724--     new: 0x0492de70 (pthread_spin_init@@G) W-> (0000.0) 0x04864930 pthread_spin_unlock@*
==9724== WARNING: new redirection conflicts with existing -- ignoring it
--9724--     old: 0x0492de70 (pthread_spin_init@@G) W-> (0000.0) 0x04862670 pthread_spin_init@*
--9724--     new: 0x0492de70 (pthread_spin_init@@G) W-> (0000.0) 0x04862370 pthread_spin_init
==9724== WARNING: new redirection conflicts with existing -- ignoring it
--9724--     old: 0x0492de70 (pthread_spin_init@@G) W-> (0000.0) 0x04862670 pthread_spin_init@*
--9724--     new: 0x0492de70 (pthread_spin_init@@G) W-> (0000.0) 0x04862370 pthread_spin_init
==9724== WARNING: new redirection conflicts with existing -- ignoring it
--9724--     old: 0x0492e090 (sem_close@@GLIBC_2.3) W-> (0000.0) 0x04868890 sem_close@*
--9724--     new: 0x0492e090 (sem_close@@GLIBC_2.3) W-> (0000.0) 0x048685b0 sem_close
==9724== WARNING: new redirection conflicts with existing -- ignoring it
--9724--     old: 0x0492e0d0 (sem_destroy@@GLIBC_2) W-> (0000.0) 0x04867570 sem_destroy@*
--9724--     new: 0x0492e0d0 (sem_destroy@@GLIBC_2) W-> (0000.0) 0x04867290 sem_destroy
==9724== WARNING: new redirection conflicts with existing -- ignoring it
--9724--     old: 0x0492e0d0 (sem_destroy@@GLIBC_2) W-> (0000.0) 0x04867570 sem_destroy@*
--9724--     new: 0x0492e0d0 (sem_destroy@@GLIBC_2) W-> (0000.0) 0x04867290 sem_destroy
==9724== WARNING: new redirection conflicts with existing -- ignoring it
--9724--     old: 0x0492e0f0 (sem_init@@GLIBC_2.34) W-> (0000.0) 0x04866c90 sem_init@*
--9724--     new: 0x0492e0f0 (sem_init@@GLIBC_2.34) W-> (0000.0) 0x04866990 sem_init
==9724== WARNING: new redirection conflicts with existing -- ignoring it
--9724--     old: 0x0492e130 (sem_open@@GLIBC_2.34) W-> (0000.0) 0x04867eb0 sem_open@*
--9724--     new: 0x0492e130 (sem_open@@GLIBC_2.34) W-> (0000.0) 0x04867b30 sem_open
==9724== WARNING: new redirection conflicts with existing -- ignoring it
--9724--     old: 0x0492e130 (sem_open@@GLIBC_2.34) W-> (0000.0) 0x04867eb0 sem_open@*
--9724--     new: 0x0492e130 (sem_open@@GLIBC_2.34) W-> (0000.0) 0x04867b30 sem_open
==9724== WARNING: new redirection conflicts with existing -- ignoring it
--9724--     old: 0x0492e4f0 (sem_post@@GLIBC_2.34) W-> (0000.0) 0x0486ab70 sem_post@*
--9724--     new: 0x0492e4f0 (sem_post@@GLIBC_2.34) W-> (0000.0) 0x0486a890 sem_post
==9724== WARNING: new redirection conflicts with existing -- ignoring it
--9724--     old: 0x0492e4f0 (sem_post@@GLIBC_2.34) W-> (0000.0) 0x0486ab70 sem_post@*
--9724--     new: 0x0492e4f0 (sem_post@@GLIBC_2.34) W-> (0000.0) 0x0486a890 sem_post
==9724== WARNING: new redirection conflicts with existing -- ignoring it
--9724--     old: 0x0492eb20 (sem_timedwait@@GLIBC) W-> (0000.0) 0x0486a290 sem_timedwait@*
--9724--     new: 0x0492eb20 (sem_timedwait@@GLIBC) W-> (0000.0) 0x04869f90 sem_timedwait
==9724== WARNING: new redirection conflicts with existing -- ignoring it
--9724--     old: 0x0492eb20 (sem_timedwait@@GLIBC) W-> (0000.0) 0x0486a290 sem_timedwait@*
--9724--     new: 0x0492eb20 (sem_timedwait@@GLIBC) W-> (0000.0) 0x04869f90 sem_timedwait
==9724== WARNING: new redirection conflicts with existing -- ignoring it
--9724--     old: 0x0492ed40 (sem_wait@@GLIBC_2.34) W-> (0000.0) 0x04869130 sem_wait@*
--9724--     new: 0x0492ed40 (sem_wait@@GLIBC_2.34) W-> (0000.0) 0x04868e50 sem_wait
==9724== WARNING: new redirection conflicts with existing -- ignoring it
--9724--     old: 0x0492ed40 (sem_wait@@GLIBC_2.34) W-> (0000.0) 0x04869130 sem_wait@*
--9724--     new: 0x0492ed40 (sem_wait@@GLIBC_2.34) W-> (0000.0) 0x04868e50 sem_wait
==9724== WARNING: new redirection conflicts with existing -- ignoring it
--9724--     old: 0x0492ed80 (sem_trywait@@GLIBC_2) W-> (0000.0) 0x048699d0 sem_trywait@*
--9724--     new: 0x0492ed80 (sem_trywait@@GLIBC_2) W-> (0000.0) 0x048696f0 sem_trywait
==9724== WARNING: new redirection conflicts with existing -- ignoring it
--9724--     old: 0x0492ed80 (sem_trywait@@GLIBC_2) W-> (0000.0) 0x048699d0 sem_trywait@*
--9724--     new: 0x0492ed80 (sem_trywait@@GLIBC_2) W-> (0000.0) 0x048696f0 sem_trywait
==9724== WARNING: new redirection conflicts with existing -- ignoring it
--9724--     old: 0x04937ce0 (memalign            ) R-> (1011.0) 0x048533c0 memalign
--9724--     new: 0x04937ce0 (memalign            ) R-> (1017.0) 0x04853390 aligned_alloc
==9724== WARNING: new redirection conflicts with existing -- ignoring it
--9724--     old: 0x04937ce0 (memalign            ) R-> (1011.0) 0x048533c0 memalign
--9724--     new: 0x04937ce0 (memalign            ) R-> (1017.0) 0x04853360 aligned_alloc
==9724== WARNING: new redirection conflicts with existing -- ignoring it
--9724--     old: 0x04937ce0 (memalign            ) R-> (1011.0) 0x048533c0 memalign
--9724--     new: 0x04937ce0 (memalign            ) R-> (1017.0) 0x04853390 aligned_alloc
==9724== WARNING: new redirection conflicts with existing -- ignoring it
--9724--     old: 0x04937ce0 (memalign            ) R-> (1011.0) 0x048533c0 memalign
--9724--     new: 0x04937ce0 (memalign            ) R-> (1017.0) 0x04853360 aligned_alloc
--9724-- REDIR: 0x493a7a0 (libc.so.6:strnlen) redirected to 0x483f220 (_vgnU_ifunc_wrapper)
--9724-- REDIR: 0x493aa60 (libc.so.6:strpbrk) redirected to 0x483f220 (_vgnU_ifunc_wrapper)
--9724-- REDIR: 0x493a360 (libc.so.6:strcmp) redirected to 0x483f220 (_vgnU_ifunc_wrapper)
--9724-- REDIR: 0x4958d50 (libc.so.6:wcsnlen) redirected to 0x483f220 (_vgnU_ifunc_wrapper)
--9724-- REDIR: 0x493b750 (libc.so.6:memset) redirected to 0x483f220 (_vgnU_ifunc_wrapper)
--9724-- REDIR: 0x49575c0 (libc.so.6:wcslen) redirected to 0x483f220 (_vgnU_ifunc_wrapper)
--9724-- REDIR: 0x493bc90 (libc.so.6:memcpy@@GLIBC_2.14) redirected to 0x483f220 (_vgnU_ifunc_wrapper)
--9724-- REDIR: 0x49573f0 (libc.so.6:wcschr) redirected to 0x483f220 (_vgnU_ifunc_wrapper)
--9724-- REDIR: 0x493a2e0 (libc.so.6:index) redirected to 0x483f220 (_vgnU_ifunc_wrapper)
--9724-- REDIR: 0x493a9e0 (libc.so.6:rindex) redirected to 0x483f220 (_vgnU_ifunc_wrapper)
--9724-- REDIR: 0x493b620 (libc.so.6:memmove) redirected to 0x483f220 (_vgnU_ifunc_wrapper)
==9724== Preferring higher priority redirection:
--9724--     old: 0x04a32940 (__memcpy_avx_unalign) R-> (2018.0) 0x04872da0 __memcpy_avx_unaligned_erms
--9724--     new: 0x04a32940 (__memcpy_avx_unalign) R-> (2018.1) 0x048740b0 memmove
--9724-- REDIR: 0x4957470 (libc.so.6:wcscmp) redirected to 0x483f220 (_vgnU_ifunc_wrapper)
--9724-- REDIR: 0x493ba60 (libc.so.6:stpncpy) redirected to 0x483f220 (_vgnU_ifunc_wrapper)
--9724-- REDIR: 0x4957a30 (libc.so.6:wmemchr) redirected to 0x483f220 (_vgnU_ifunc_wrapper)
--9724-- REDIR: 0x493a8b0 (libc.so.6:strncmp) redirected to 0x483f220 (_vgnU_ifunc_wrapper)
--9724-- REDIR: 0x493baf0 (libc.so.6:strcasecmp) redirected to 0x483f220 (_vgnU_ifunc_wrapper)
--9724-- REDIR: 0x493a4a0 (libc.so.6:strcspn) redirected to 0x483f220 (_vgnU_ifunc_wrapper)
--9724-- REDIR: 0x49574f0 (libc.so.6:wcscpy) redirected to 0x483f220 (_vgnU_ifunc_wrapper)
--9724-- REDIR: 0x493a250 (libc.so.6:strcat) redirected to 0x483f220 (_vgnU_ifunc_wrapper)
--9724-- REDIR: 0x493bbe0 (libc.so.6:strncasecmp_l) redirected to 0x483f220 (_vgnU_ifunc_wrapper)
--9724-- REDIR: 0x493b500 (libc.so.6:bcmp) redirected to 0x483f220 (_vgnU_ifunc_wrapper)
--9724-- REDIR: 0x49435f0 (libc.so.6:memrchr) redirected to 0x483f220 (_vgnU_ifunc_wrapper)
--9724-- REDIR: 0x493d090 (libc.so.6:strchrnul) redirected to 0x483f220 (_vgnU_ifunc_wrapper)
--9724-- REDIR: 0x493a410 (libc.so.6:strcpy) redirected to 0x483f220 (_vgnU_ifunc_wrapper)
--9724-- REDIR: 0x493bb90 (libc.so.6:strcasecmp_l) redirected to 0x483f220 (_vgnU_ifunc_wrapper)
--9724-- REDIR: 0x493a720 (libc.so.6:strlen) redirected to 0x483f220 (_vgnU_ifunc_wrapper)
--9724-- REDIR: 0x493a950 (libc.so.6:strncpy) redirected to 0x483f220 (_vgnU_ifunc_wrapper)
--9724-- REDIR: 0x493b9d0 (libc.so.6:stpcpy) redirected to 0x483f220 (_vgnU_ifunc_wrapper)
--9724-- REDIR: 0x493b470 (libc.so.6:memchr) redirected to 0x483f220 (_vgnU_ifunc_wrapper)
--9724-- REDIR: 0x493ab80 (libc.so.6:strspn) redirected to 0x483f220 (_vgnU_ifunc_wrapper)
--9724-- REDIR: 0x493b850 (libc.so.6:mempcpy) redirected to 0x483f220 (_vgnU_ifunc_wrapper)
--9724-- REDIR: 0x493bb40 (libc.so.6:strncasecmp) redirected to 0x483f220 (_vgnU_ifunc_wrapper)
--9724-- REDIR: 0x493d000 (libc.so.6:rawmemchr) redirected to 0x483f220 (_vgnU_ifunc_wrapper)
--9724-- REDIR: 0x4a2f790 (libc.so.6:__strrchr_avx2) redirected to 0x4870cc0 (rindex)
--9724-- REDIR: 0x4937120 (libc.so.6:malloc) redirected to 0x484db60 (malloc)
--9724-- REDIR: 0x4929640 (libc.so.6:pthread_mutex_init@@GLIBC_2.2.5) redirected to 0x4858f10 (pthread_mutex_init@*)
--9724-- REDIR: 0x4926cc0 (libc.so.6:pthread_create@@GLIBC_2.34) redirected to 0x4854af0 (pthread_create@*)
--9724-- REDIR: 0x4923ee0 (libc.so.6:pthread_cond_init@GLIBC_2.2.5) redirected to 0x485e530 (pthread_cond_init@*)
--9724-- REDIR: 0x49385a0 (libc.so.6:calloc) redirected to 0x4852d10 (calloc)
--9724-- REDIR: 0x4929f70 (libc.so.6:pthread_mutex_lock@@GLIBC_2.2.5) redirected to 0x485aad0 (pthread_mutex_lock@*)
--9724-- REDIR: 0x492baf0 (libc.so.6:pthread_mutex_unlock@@GLIBC_2.2.5) redirected to 0x485d830 (pthread_mutex_unlock@*)
--9724-- REDIR: 0x4924000 (libc.so.6:pthread_cond_wait@GLIBC_2.2.5) redirected to 0x485f8d0 (pthread_cond_wait@*)
--9724-- REDIR: 0x49258b0 (libc.so.6:pthread_cond_wait@@GLIBC_2.3.2) redirected to 0x485f8d0 (pthread_cond_wait@*)
--9724-- REDIR: 0x4923f00 (libc.so.6:pthread_cond_signal@GLIBC_2.2.5) redirected to 0x4861510 (pthread_cond_signal@*)
--9724-- REDIR: 0x49252a0 (libc.so.6:pthread_cond_signal@@GLIBC_2.3.2) redirected to 0x4861510 (pthread_cond_signal@*)
--9724-- REDIR: 0x4a2f580 (libc.so.6:__strchrnul_avx2) redirected to 0x4874b60 (strchrnul)
--9724-- REDIR: 0x4a32900 (libc.so.6:__mempcpy_avx_unaligned_erms) redirected to 0x4874c70 (mempcpy)
--9724-- REDIR: 0x4a2f960 (libc.so.6:__strlen_avx2) redirected to 0x4871000 (strlen)
--9724-- REDIR: 0x49295f0 (libc.so.6:pthread_mutex_destroy@@GLIBC_2.2.5) redirected to 0x4859bd0 (pthread_mutex_destroy@*)
--9724-- REDIR: 0x4923ec0 (libc.so.6:pthread_cond_destroy@GLIBC_2.2.5) redirected to 0x485ee10 (pthread_cond_destroy@*)
--9724-- REDIR: 0x4937460 (libc.so.6:free) redirected to 0x4850550 (free)
==9724== 
==9724== Process terminating with default action of signal 2 (SIGINT)
==9724==    at 0x4923340: futex_wait (futex-internal.h:146)
==9724==    by 0x4923340: __lll_lock_wait (lowlevellock.c:49)
==9724==    by 0x492A081: lll_mutex_lock_optimized (pthread_mutex_lock.c:48)
==9724==    by 0x492A081: pthread_mutex_lock@@GLIBC_2.2.5 (pthread_mutex_lock.c:93)
==9724==    by 0x485ACBA: pthread_mutex_lock@* (in /usr/libexec/valgrind/vgpreload_drd-amd64-linux.so)
==9724==    by 0x109C33: forking (eat_sleep_think.c:40)
==9724==    by 0x10A13B: ft_commander (eat_sleep_think.c:125)
==9724==    by 0x485437A: ??? (in /usr/libexec/valgrind/vgpreload_drd-amd64-linux.so)
==9724==    by 0x4926B42: start_thread (pthread_create.c:442)
==9724==    by 0x49B7BB3: clone (clone.S:100)
==9724== 
==9724== ERROR SUMMARY: 0 errors from 0 contexts (suppressed: 8 from 4)
--9724-- 
--9724-- used_suppression:      8 drd-ld /usr/libexec/valgrind/default.supp:566
==9724== 
==9724== ERROR SUMMARY: 0 errors from 0 contexts (suppressed: 8 from 4)
